SF:C:\www\dart\dart-webrtc\example\ion_style_sfu\lib\src\audio_observer.dart
DA:27,4
DA:29,1
DA:31,1
DA:32,4
DA:33,7
DA:35,2
DA:75,33
DA:80,66
DA:81,99
DA:83,6
DA:86,17
DA:87,34
DA:88,55
DA:92,13
DA:93,26
DA:94,13
DA:98,11
DA:99,22
DA:105,3
DA:106,3
DA:107,9
DA:108,6
DA:109,21
DA:110,3
DA:111,6
DA:116,6
DA:118,4
DA:119,4
DA:124,11
DA:125,9
DA:126,4
DA:129,8
DA:130,8
DA:131,19
DA:132,4
DA:133,10
DA:135,12
DA:136,11
DA:137,14
DA:138,8
DA:139,12
DA:143,13
DA:144,13
DA:145,13
DA:146,13
DA:147,13
DA:148,26
DA:149,26
LF:48
LH:48
end_of_record
SF:C:\www\dart\dart-webrtc\example\ion_style_sfu\lib\src\rtp_header.dart
DA:10,45
DA:13,19
DA:14,190
DA:17,9
DA:18,27
DA:19,18
DA:23,9
DA:24,27
DA:25,27
DA:26,27
DA:27,18
DA:33,6
DA:34,12
DA:35,12
DA:36,18
DA:37,12
DA:39,6
DA:40,12
DA:41,6
DA:43,12
DA:56,6
DA:57,12
DA:58,12
DA:59,18
DA:61,12
DA:62,18
DA:63,30
DA:64,36
DA:65,6
DA:66,12
DA:67,12
DA:69,6
DA:71,6
DA:73,6
DA:74,12
DA:75,6
DA:76,12
DA:77,6
DA:78,6
DA:79,6
DA:80,12
DA:81,18
DA:82,6
DA:84,2
DA:86,2
DA:87,2
DA:88,1
DA:89,2
DA:90,2
DA:91,3
DA:92,1
DA:101,4
DA:102,4
DA:104,4
DA:105,8
DA:106,4
DA:107,4
DA:109,4
DA:121,3
DA:128,3
DA:129,3
DA:130,3
DA:131,12
DA:142,2
DA:143,4
DA:144,4
DA:145,6
DA:147,4
DA:148,6
DA:149,10
DA:150,12
DA:151,2
DA:152,4
DA:153,4
DA:156,2
DA:157,1
DA:158,2
DA:159,1
DA:160,2
DA:161,1
DA:162,1
DA:163,1
DA:164,2
DA:165,2
DA:167,3
DA:170,0
DA:172,2
DA:173,2
DA:174,2
DA:175,1
DA:176,2
DA:177,2
DA:178,2
DA:179,3
DA:182,1
DA:213,1
DA:218,1
DA:220,7
DA:222,1
DA:223,3
DA:225,1
DA:226,3
DA:229,1
DA:230,1
DA:231,1
DA:239,1
DA:240,3
DA:241,3
DA:242,1
DA:243,3
DA:244,6
DA:245,2
DA:251,1
DA:252,2
DA:253,6
DA:254,5
DA:255,3
LF:117
LH:116
end_of_record
SF:C:\www\dart\dart-webrtc\example\ion_style_sfu\lib\src\sfu.dart
DA:42,33
DA:67,33
DA:71,96
DA:73,31
DA:75,124
DA:78,33
DA:82,12
DA:83,24
DA:87,23
DA:88,69
DA:89,46
DA:90,68
DA:104,0
DA:110,0
DA:111,0
LF:15
LH:12
end_of_record
SF:C:\www\dart\dart-webrtc\example\ion_style_sfu\lib\src\session.dart
DA:49,31
DA:51,0
DA:53,39
DA:55,6
DA:58,30
DA:61,16
DA:62,16
DA:63,0
DA:65,32
DA:66,48
DA:68,32
DA:69,16
DA:71,16
DA:75,12
DA:76,36
DA:78,36
DA:79,15
DA:80,24
DA:81,24
DA:84,36
DA:92,12
DA:93,36
DA:94,32
DA:95,24
DA:96,14
DA:104,15
DA:105,15
DA:107,31
DA:108,3
DA:109,2
DA:110,1
DA:116,45
DA:118,11
DA:119,11
DA:120,11
DA:121,33
DA:122,22
DA:123,22
DA:124,22
DA:125,22
LF:40
LH:38
end_of_record
SF:C:\www\dart\dart-webrtc\example\ion_style_sfu\lib\src\peer.dart
DA:28,73
DA:66,16
DA:68,32
DA:69,16
DA:70,16
DA:71,30
DA:72,2
DA:78,16
DA:83,16
DA:84,4
DA:86,16
DA:87,32
DA:88,16
DA:90,16
DA:91,30
DA:95,66
DA:96,30
DA:97,27
DA:100,16
DA:101,30
DA:105,45
DA:106,30
DA:107,15
DA:108,67
DA:109,30
DA:110,25
DA:113,16
DA:115,31
DA:116,15
DA:123,3
DA:124,3
DA:126,3
DA:128,2
DA:131,3
DA:132,7
DA:139,2
DA:140,2
DA:142,3
DA:144,1
DA:148,4
DA:149,4
DA:151,6
DA:153,2
DA:156,3
DA:157,7
DA:163,12
DA:164,12
DA:165,12
DA:166,24
DA:167,23
DA:168,24
LF:51
LH:51
end_of_record
SF:C:\www\dart\dart-webrtc\example\ion_style_sfu\lib\src\publisher.dart
DA:30,15
DA:37,75
DA:38,66
DA:42,30
DA:43,30
DA:47,45
DA:50,1
DA:51,1
DA:52,2
DA:53,0
DA:54,0
DA:60,15
DA:64,30
DA:65,30
DA:66,15
DA:67,15
DA:69,15
DA:70,15
DA:72,30
DA:73,15
DA:74,15
DA:76,15
DA:78,15
DA:79,15
DA:91,2
DA:92,4
DA:93,2
DA:100,6
DA:101,4
DA:102,4
DA:108,1
DA:109,1
DA:110,2
DA:111,5
DA:112,2
DA:113,10
DA:114,1
DA:117,4
DA:118,3
DA:120,2
DA:123,1
DA:124,1
DA:125,2
DA:126,2
DA:128,4
DA:130,2
DA:133,12
DA:134,12
DA:135,12
DA:136,24
DA:137,24
DA:144,2
DA:148,2
LF:53
LH:51
end_of_record
SF:C:\www\dart\dart-webrtc\example\ion_style_sfu\lib\src\subscriber.dart
DA:56,24
DA:57,12
DA:61,1
DA:62,1
DA:63,2
DA:64,0
DA:65,0
DA:70,3
DA:74,18
DA:75,6
DA:76,0
DA:84,1
DA:86,3
DA:87,2
DA:89,2
DA:90,1
DA:91,1
DA:117,15
DA:123,75
DA:124,63
DA:128,30
DA:135,8
DA:140,2
DA:149,15
DA:153,30
DA:154,30
DA:155,15
DA:156,15
DA:158,15
DA:159,15
DA:161,30
DA:162,15
DA:163,15
DA:165,15
DA:167,15
DA:176,15
DA:180,1
DA:181,5
DA:188,7
DA:189,7
DA:190,7
DA:195,7
DA:196,7
DA:197,21
DA:199,14
DA:200,7
DA:204,28
DA:206,7
DA:207,12
DA:208,6
DA:209,6
DA:210,6
DA:214,7
DA:215,7
DA:218,7
DA:221,7
DA:222,7
DA:224,21
DA:225,14
DA:226,12
DA:227,7
DA:228,7
DA:229,2
DA:230,1
DA:231,3
DA:232,3
DA:235,7
DA:239,2
DA:240,6
DA:242,6
DA:243,2
DA:244,3
DA:246,6
DA:247,2
DA:248,2
DA:249,2
DA:256,3
DA:257,6
DA:259,2
DA:260,1
DA:276,1
DA:277,2
DA:278,1
DA:279,1
DA:280,1
DA:281,1
DA:282,1
DA:284,1
DA:285,2
DA:290,2
DA:291,4
DA:292,2
DA:301,4
DA:302,4
DA:303,8
DA:304,12
DA:305,4
DA:307,6
DA:308,2
DA:309,2
DA:310,2
DA:312,4
DA:314,2
DA:315,3
DA:322,2
DA:323,2
DA:324,1
DA:326,3
DA:329,4
DA:330,2
DA:334,6
DA:335,4
DA:336,1
DA:341,2
DA:342,1
DA:343,3
DA:344,2
DA:345,1
DA:346,1
DA:350,3
DA:351,3
DA:353,2
DA:355,1
DA:356,3
DA:357,2
DA:368,3
DA:369,6
DA:370,3
DA:371,9
DA:380,3
DA:382,9
DA:383,12
DA:385,3
DA:388,2
DA:389,6
DA:390,2
DA:392,1
DA:395,1
DA:397,0
DA:402,2
DA:403,4
DA:404,6
DA:405,2
DA:407,1
DA:410,1
DA:412,0
DA:417,1
DA:418,4
DA:420,1
DA:422,2
DA:423,0
DA:424,0
DA:427,7
DA:428,14
DA:429,7
DA:430,14
DA:431,7
DA:432,7
DA:433,14
DA:437,11
DA:438,11
DA:439,11
DA:440,22
DA:441,28
DA:442,6
DA:444,22
DA:445,22
DA:446,33
DA:447,22
DA:454,0
LF:170
LH:162
end_of_record
SF:C:\www\dart\dart-webrtc\example\ion_style_sfu\lib\src\router.dart
DA:43,31
DA:45,15
DA:49,7
DA:50,24
DA:57,2
DA:58,2
DA:59,4
DA:60,2
DA:62,1
DA:63,1
DA:64,1
DA:65,1
DA:67,2
DA:68,3
DA:71,2
DA:72,3
DA:73,2
DA:74,1
DA:75,1
DA:76,1
DA:77,3
DA:78,1
DA:80,1
DA:82,1
DA:87,3
DA:88,2
DA:93,2
DA:94,3
DA:96,2
DA:97,3
DA:99,2
DA:101,0
DA:103,2
DA:106,2
DA:115,7
DA:116,21
DA:117,70
DA:118,7
DA:126,7
DA:127,2
DA:128,3
DA:134,1
DA:137,1
DA:138,1
DA:144,6
DA:150,18
DA:151,12
DA:152,24
DA:153,6
DA:154,8
DA:155,6
DA:162,1
DA:163,2
DA:166,4
DA:178,4
DA:179,4
DA:180,10
DA:181,2
DA:186,1
DA:187,4
DA:194,11
DA:198,33
DA:199,11
DA:201,11
DA:206,33
DA:207,22
DA:208,22
DA:209,33
DA:211,19
DA:212,24
DA:214,11
DA:216,0
DA:218,0
DA:221,22
DA:228,4
DA:229,12
DA:230,12
DA:231,9
DA:232,12
DA:233,8
DA:236,9
DA:237,2
DA:239,4
DA:242,23
DA:243,23
DA:244,23
DA:245,55
DA:246,9
DA:248,46
DA:249,46
DA:250,46
DA:251,46
LF:92
LH:89
end_of_record
SF:C:\www\dart\dart-webrtc\example\ion_style_sfu\lib\src\receiver.dart
DA:59,10
DA:61,20
DA:62,27
DA:87,30
DA:108,5
DA:112,3
DA:115,2
DA:147,19
DA:154,57
DA:155,57
DA:156,92
DA:157,47
DA:158,42
DA:165,27
DA:168,21
DA:170,0
DA:171,6
DA:172,33
DA:173,12
DA:175,7
DA:176,7
DA:177,14
DA:180,2
DA:181,4
DA:187,4
DA:188,8
DA:189,6
DA:193,4
DA:194,8
DA:195,6
DA:203,11
DA:204,33
DA:205,110
DA:206,22
DA:207,10
DA:212,6
DA:213,3
DA:215,6
DA:217,12
DA:219,4
DA:222,4
DA:223,3
DA:224,3
DA:225,1
DA:229,12
DA:231,6
DA:234,6
DA:235,5
DA:236,4
DA:237,1
DA:254,8
DA:256,22
DA:257,33
DA:258,110
DA:259,44
DA:260,22
DA:262,22
DA:266,16
DA:267,8
DA:269,4
DA:270,8
DA:271,9
DA:272,6
DA:273,8
DA:274,14
DA:287,22
DA:288,11
DA:289,11
DA:290,11
DA:297,45
DA:298,18
DA:302,9
DA:303,27
DA:304,45
DA:305,18
DA:307,11
DA:308,11
DA:314,11
DA:315,22
DA:319,2
DA:320,1
DA:321,2
DA:323,4
DA:334,11
DA:336,2
DA:337,1
DA:342,22
DA:343,11
DA:344,0
DA:346,22
DA:348,6
DA:349,6
DA:350,3
DA:355,2
DA:356,2
DA:357,4
DA:358,2
DA:359,0
DA:361,4
DA:363,2
DA:364,2
DA:365,1
DA:370,10
DA:371,10
DA:372,10
DA:373,30
DA:374,20
DA:375,16
DA:376,6
DA:378,20
DA:379,20
DA:380,20
LF:112
LH:109
end_of_record
SF:C:\www\dart\dart-webrtc\example\ion_style_sfu\lib\src\down_track.dart
DA:128,10
DA:141,10
DA:142,10
DA:144,3
DA:146,10
DA:149,10
DA:152,30
DA:158,20
DA:162,30
DA:166,40
DA:167,20
DA:168,50
DA:170,37
DA:171,45
DA:174,40
DA:183,1
DA:186,5
DA:188,4
DA:192,4
DA:195,12
DA:198,9
DA:204,9
DA:232,3
DA:233,6
DA:234,2
DA:237,3
DA:244,4
DA:245,8
DA:246,12
DA:248,7
DA:253,2
DA:256,4
DA:264,4
DA:265,12
DA:266,16
DA:267,4
DA:275,8
DA:276,4
DA:277,2
DA:286,4
DA:287,4
DA:291,2
DA:292,2
DA:293,0
DA:296,12
DA:297,4
DA:298,2
DA:301,4
DA:302,4
DA:303,12
DA:309,12
DA:310,1
DA:311,2
DA:312,2
DA:315,2
DA:316,2
DA:320,4
DA:322,1
DA:324,0
DA:326,8
DA:327,12
DA:332,9
DA:339,2
DA:340,2
DA:341,2
DA:345,0
DA:346,0
DA:347,0
DA:349,2
DA:351,2
DA:352,1
DA:357,2
DA:361,0
DA:362,0
DA:363,0
DA:369,2
DA:371,0
DA:378,2
DA:379,2
DA:380,2
DA:384,2
DA:385,2
DA:386,0
DA:388,2
DA:389,1
DA:390,2
DA:392,1
DA:394,0
DA:399,9
DA:400,9
DA:401,9
DA:402,18
DA:410,4
DA:412,4
DA:418,2
DA:420,2
LF:96
LH:85
end_of_record
SF:C:\www\dart\dart-webrtc\example\ion_style_sfu\lib\src\producer_layer.dart
DA:20,24
DA:26,1
DA:27,3
DA:28,3
LF:4
LH:4
end_of_record
SF:C:\www\dart\dart-webrtc\example\ion_style_sfu\lib\src\producer_stream.dart
DA:58,23
DA:69,46
DA:72,20
DA:83,20
DA:91,20
DA:92,20
DA:97,9
DA:109,9
DA:115,9
DA:124,51
DA:129,42
DA:132,30
DA:135,60
DA:139,65
DA:142,13
DA:143,85
DA:145,0
DA:146,0
DA:147,0
LF:19
LH:16
end_of_record
SF:C:\www\dart\dart-webrtc\example\ion_style_sfu\lib\src\ssrc_allocator.dart
DA:20,34
DA:24,9
DA:25,36
DA:26,9
DA:29,27
DA:32,18
DA:33,9
DA:34,9
DA:35,9
DA:36,9
DA:37,45
DA:43,8
DA:45,8
DA:46,8
DA:51,1
DA:52,3
DA:55,12
DA:56,24
DA:57,24
DA:58,24
LF:20
LH:20
end_of_record
SF:C:\www\dart\dart-webrtc\example\ion_style_sfu\lib\src\sdp_helpers.dart
DA:26,12
DA:27,38
DA:28,21
DA:29,7
DA:30,7
DA:31,0
DA:45,12
DA:46,12
DA:47,4
DA:49,8
DA:53,4
DA:54,4
DA:55,4
DA:56,4
DA:60,12
DA:61,12
DA:62,15
DA:63,6
DA:65,12
DA:66,12
DA:67,2
DA:69,3
DA:70,4
DA:71,2
DA:72,2
DA:73,1
DA:74,2
DA:84,13
DA:88,13
DA:89,13
DA:90,25
DA:91,12
DA:92,16
DA:93,24
DA:94,12
DA:95,12
DA:96,33
DA:98,12
DA:99,12
DA:100,44
DA:101,10
DA:102,10
DA:103,20
DA:105,10
DA:107,0
DA:108,0
DA:111,20
DA:112,19
DA:114,24
DA:119,12
DA:120,40
DA:121,16
DA:122,4
DA:124,4
DA:125,2
DA:126,2
DA:127,2
DA:128,6
DA:130,12
DA:131,14
DA:132,4
DA:135,14
DA:145,12
DA:146,12
DA:147,12
DA:148,12
DA:149,12
DA:151,34
DA:153,10
DA:154,10
DA:156,18
DA:157,36
DA:160,10
DA:161,10
DA:163,18
DA:164,45
DA:166,1
DA:173,16
DA:174,0
DA:175,4
DA:178,0
DA:180,0
DA:182,0
DA:183,4
DA:184,4
DA:185,4
DA:186,4
DA:188,8
DA:206,20
DA:207,10
DA:208,10
DA:209,10
DA:210,10
DA:211,10
DA:213,10
DA:217,2
DA:218,6
DA:219,2
DA:222,4
DA:223,1
DA:224,2
DA:225,1
DA:227,1
DA:229,4
DA:232,2
DA:235,4
DA:246,16
DA:250,8
DA:272,2
DA:278,2
DA:279,2
DA:280,2
DA:281,2
DA:283,2
DA:284,2
DA:285,2
DA:287,4
DA:288,6
DA:292,4
DA:293,2
DA:294,3
DA:295,4
DA:296,2
DA:297,4
DA:298,2
DA:299,2
DA:300,2
DA:302,4
DA:303,4
DA:305,4
DA:307,2
DA:308,1
DA:310,1
DA:311,1
DA:314,4
DA:317,2
DA:319,4
DA:322,6
DA:325,2
DA:328,1
DA:330,2
DA:333,3
DA:335,2
DA:337,1
DA:341,4
DA:342,3
DA:343,8
DA:347,2
LF:148
LH:141
end_of_record
SF:C:\www\dart\dart-webrtc\example\ion_style_sfu\lib\src\rtcp.dart
DA:17,3
DA:20,3
DA:21,9
DA:22,6
DA:23,27
DA:31,12
DA:38,3
DA:45,12
DA:49,5
DA:60,2
DA:91,2
DA:102,6
DA:111,2
DA:114,2
DA:126,4
DA:162,5
DA:176,9
DA:178,27
DA:179,9
DA:180,18
DA:181,54
DA:182,18
DA:183,27
DA:184,9
DA:189,11
DA:190,4
DA:191,2
DA:192,2
DA:193,4
DA:194,6
DA:195,6
DA:196,4
DA:197,2
DA:198,4
DA:200,20
DA:201,4
DA:202,4
DA:203,4
DA:204,4
DA:207,2
DA:208,2
DA:212,9
DA:213,18
DA:214,18
DA:215,15
DA:217,3
DA:218,3
DA:219,9
DA:220,15
DA:221,18
DA:222,6
DA:223,3
DA:225,3
DA:230,16
DA:232,5
DA:233,10
DA:235,2
DA:236,2
DA:237,6
DA:238,4
DA:239,2
DA:241,2
DA:246,11
DA:253,3
DA:254,6
DA:255,9
DA:256,9
DA:257,9
DA:258,6
DA:259,12
DA:261,33
DA:262,3
DA:263,3
DA:264,6
DA:265,9
DA:266,9
DA:267,6
DA:269,3
DA:276,9
DA:284,3
DA:285,15
DA:286,18
DA:287,30
DA:288,6
DA:290,3
DA:291,3
DA:292,15
DA:293,15
DA:294,3
DA:295,6
DA:297,2
DA:298,1
DA:299,4
DA:300,1
DA:304,6
DA:305,3
DA:307,4
DA:308,4
DA:312,8
DA:313,8
DA:319,3
DA:320,6
DA:321,3
DA:322,9
DA:323,1
DA:327,9
DA:328,3
DA:329,2
DA:330,6
DA:331,1
DA:335,10
DA:336,5
DA:337,4
DA:338,2
DA:340,2
DA:344,3
DA:356,9
DA:360,9
DA:361,117
DA:365,6
DA:366,6
DA:367,30
DA:369,12
DA:370,12
DA:372,6
DA:373,12
DA:374,15
DA:375,10
DA:376,15
DA:377,5
DA:379,24
DA:383,18
DA:384,6
DA:385,6
DA:386,12
DA:387,6
DA:388,18
DA:389,6
DA:390,6
DA:391,18
DA:392,24
DA:398,5
DA:399,5
DA:400,5
DA:401,10
DA:402,5
DA:403,5
DA:404,5
DA:405,5
DA:412,2
DA:414,2
DA:415,2
DA:416,4
DA:417,2
DA:418,2
DA:419,2
DA:420,2
DA:421,2
DA:422,4
DA:428,4
DA:432,8
DA:433,4
DA:434,4
DA:436,4
DA:437,12
DA:438,4
DA:439,4
DA:440,8
DA:441,4
DA:442,12
DA:443,4
DA:444,4
DA:445,4
DA:446,4
DA:447,4
DA:448,4
DA:449,8
DA:450,24
DA:451,12
DA:452,8
DA:453,8
DA:454,16
DA:467,2
DA:473,2
DA:474,6
DA:477,4
DA:478,2
DA:479,4
DA:481,4
DA:483,2
DA:484,4
DA:485,2
DA:488,4
DA:489,6
DA:490,2
DA:491,4
DA:492,4
DA:493,4
DA:496,2
DA:497,2
DA:498,2
DA:500,4
DA:501,2
DA:503,4
DA:505,4
DA:506,2
DA:507,2
DA:508,2
DA:511,2
DA:512,1
DA:513,1
DA:514,2
DA:515,1
DA:520,2
DA:521,4
DA:523,4
DA:524,2
DA:525,4
DA:526,10
DA:528,2
DA:533,6
DA:534,4
DA:535,2
DA:537,6
DA:538,2
DA:539,2
DA:540,2
DA:541,4
DA:542,2
DA:543,6
DA:544,2
DA:545,2
DA:546,2
DA:547,2
DA:548,6
DA:549,6
DA:550,4
DA:551,4
DA:554,4
DA:555,8
DA:556,6
DA:558,6
DA:559,2
DA:560,2
DA:561,8
DA:563,5
DA:564,4
DA:577,7
DA:579,2
DA:581,7
DA:582,7
DA:583,7
DA:585,7
DA:588,12
DA:589,6
DA:590,6
DA:591,12
DA:592,1
DA:595,6
DA:596,6
DA:597,3
DA:598,6
DA:599,9
LF:263
LH:263
end_of_record
SF:C:\www\dart\dart-webrtc\example\ion_style_sfu\lib\src\rtcp_rewrite.dart
DA:32,8
DA:47,3
DA:52,3
DA:53,3
DA:55,9
DA:56,6
DA:57,18
DA:58,6
DA:59,9
DA:61,5
DA:62,2
DA:63,5
DA:64,2
DA:66,3
DA:71,2
DA:86,4
DA:87,2
DA:89,4
DA:90,2
DA:92,2
DA:93,4
DA:96,4
DA:97,3
DA:98,3
DA:99,3
DA:100,1
DA:101,1
DA:102,1
DA:106,2
DA:111,4
DA:112,3
DA:113,3
DA:114,3
DA:115,1
DA:116,1
DA:117,1
DA:121,2
DA:122,28
DA:124,2
DA:125,6
DA:126,8
DA:127,8
DA:128,6
LF:43
LH:43
end_of_record
SF:C:\www\dart\dart-webrtc\example\ion_style_sfu\lib\src\buffer\buffer.dart
DA:23,13
DA:24,26
DA:25,13
DA:28,7
DA:29,21
DA:30,3
DA:31,28
DA:32,21
DA:33,35
DA:37,3
DA:38,3
DA:39,9
DA:40,11
LF:13
LH:13
end_of_record
SF:C:\www\dart\dart-webrtc\example\ion_style_sfu\lib\src\buffer\nack.dart
DA:19,11
DA:24,3
DA:25,3
DA:26,3
DA:27,6
DA:28,6
DA:30,1
DA:31,2
DA:33,3
DA:36,12
LF:10
LH:10
end_of_record
SF:C:\www\dart\dart-webrtc\example\ion_style_sfu\lib\src\simulcast.dart
DA:18,1
LF:1
LH:1
end_of_record
SF:C:\www\dart\dart-webrtc\example\ion_style_sfu\lib\src\simulcast_rewriter.dart
DA:18,9
DA:38,73
DA:45,16
DA:82,15
DA:88,12
DA:95,10
DA:99,5
DA:100,10
DA:101,5
DA:102,10
DA:103,5
DA:104,10
DA:112,1
DA:113,3
DA:115,0
DA:123,9
DA:128,18
DA:132,9
DA:133,9
DA:135,18
DA:136,7
DA:141,9
DA:142,1
DA:143,2
DA:147,18
DA:148,18
DA:149,9
DA:150,18
DA:151,18
DA:153,18
DA:154,9
DA:163,4
DA:164,9
DA:166,18
DA:167,27
DA:168,27
DA:169,27
DA:170,18
DA:173,27
DA:174,27
DA:175,9
DA:176,9
DA:177,9
DA:178,9
DA:179,9
DA:180,9
DA:183,4
DA:184,12
DA:188,20
DA:189,12
DA:190,12
DA:191,12
DA:192,16
DA:193,4
LF:54
LH:53
end_of_record
SF:C:\www\dart\dart-webrtc\example\ion_style_sfu\lib\src\vp8.dart
DA:55,2
DA:70,2
DA:71,4
DA:72,2
DA:73,4
DA:74,4
DA:75,2
DA:78,1
DA:85,1
DA:87,1
DA:91,6
DA:92,4
DA:93,4
DA:94,4
DA:95,4
DA:96,4
DA:98,2
DA:101,2
DA:103,4
DA:105,6
DA:107,6
DA:109,12
DA:110,2
DA:112,2
DA:113,1
DA:118,2
DA:120,2
DA:122,1
DA:123,1
DA:127,2
DA:128,1
DA:131,2
DA:132,2
DA:150,1
DA:151,1
DA:152,1
DA:154,3
DA:155,2
DA:156,2
DA:157,3
DA:186,1
DA:187,2
DA:188,2
DA:195,2
DA:200,2
DA:201,2
DA:204,4
DA:205,2
DA:212,4
DA:213,2
DA:214,3
DA:216,9
DA:217,2
DA:218,6
DA:219,6
DA:221,4
DA:222,4
DA:225,6
DA:226,8
DA:227,6
DA:228,2
DA:230,4
DA:231,4
DA:232,2
DA:233,1
DA:242,2
DA:245,2
DA:247,4
DA:248,3
DA:250,2
LF:70
LH:70
end_of_record
SF:C:\www\dart\dart-webrtc\example\ion_style_sfu\lib\src\twcc\twcc.dart
DA:12,1
DA:15,1
LF:2
LH:2
end_of_record
SF:C:\www\dart\dart-webrtc\example\ion_style_sfu\lib\src\twcc\remb.dart
DA:11,1
DA:15,1
LF:2
LH:2
end_of_record
SF:C:\www\dart\dart-webrtc\example\ion_style_sfu\lib\src\twcc\twcc_stamper.dart
DA:43,18
DA:47,6
DA:51,12
DA:54,12
DA:64,2
DA:65,4
DA:66,2
DA:68,4
DA:71,4
DA:72,8
DA:73,4
DA:74,6
DA:75,6
DA:76,2
DA:78,2
DA:79,4
DA:80,2
DA:89,3
DA:90,6
DA:91,12
DA:92,6
DA:93,3
DA:95,3
DA:96,4
DA:103,4
DA:104,8
DA:105,16
DA:108,5
DA:115,1
DA:116,2
DA:117,4
DA:118,1
DA:119,5
DA:125,2
DA:126,4
DA:127,4
DA:128,6
DA:130,4
DA:131,6
DA:132,10
DA:133,2
DA:134,12
DA:135,2
DA:136,4
DA:137,4
DA:139,2
DA:140,4
DA:141,2
DA:142,4
DA:143,2
DA:144,2
DA:145,2
DA:146,4
DA:147,2
DA:149,2
DA:152,1
DA:161,4
LF:57
LH:57
end_of_record
SF:C:\www\dart\dart-webrtc\example\ion_style_sfu\lib\src\bwe.dart
DA:34,73
DA:43,1
DA:44,1
DA:45,2
DA:47,2
DA:48,2
DA:49,2
DA:52,1
DA:124,1
DA:125,5
DA:127,19
DA:132,57
DA:135,5
DA:136,5
DA:137,10
DA:141,3
DA:142,6
DA:143,3
DA:144,16
DA:145,3
DA:146,6
DA:158,2
DA:159,4
DA:161,4
DA:162,2
DA:163,2
DA:165,2
DA:166,4
DA:167,2
DA:170,2
DA:171,5
DA:172,2
DA:185,2
DA:189,4
DA:191,4
DA:192,2
DA:194,6
DA:195,2
DA:197,4
DA:198,2
DA:200,7
DA:201,1
DA:202,2
DA:203,1
DA:218,2
DA:219,2
DA:220,4
DA:221,1
DA:222,1
DA:223,1
DA:224,1
DA:227,4
DA:229,2
DA:230,4
DA:231,6
DA:232,8
DA:233,4
DA:234,2
DA:235,2
DA:236,4
DA:238,6
DA:239,6
DA:240,2
DA:243,10
DA:245,4
DA:246,4
DA:248,2
DA:249,8
DA:251,2
DA:254,4
DA:255,1
DA:256,3
DA:257,3
DA:258,6
DA:259,1
DA:260,3
DA:261,3
DA:263,2
DA:264,2
DA:267,4
DA:269,7
DA:270,4
DA:271,4
DA:272,2
DA:278,2
DA:279,2
DA:281,6
DA:282,8
DA:283,4
DA:284,2
DA:285,6
DA:286,6
DA:287,2
DA:288,2
DA:290,4
DA:309,2
DA:339,8
DA:344,2
DA:346,2
DA:347,6
DA:348,4
DA:351,3
DA:352,6
DA:353,6
DA:356,3
DA:360,5
DA:361,10
DA:362,15
DA:363,11
DA:364,1
DA:365,2
DA:366,2
DA:367,3
DA:368,1
DA:369,3
DA:370,3
DA:383,1
DA:388,1
DA:389,2
DA:390,6
DA:393,1
DA:394,2
DA:395,1
LF:123
LH:123
end_of_record
SF:C:\www\dart\dart-webrtc\example\ion_style_sfu\lib\src\relay\relay.dart
DA:30,5
DA:36,10
DA:37,10
DA:38,10
DA:39,9
DA:42,5
DA:43,5
DA:44,5
DA:45,10
DA:46,7
DA:63,5
DA:76,4
DA:78,10
DA:79,10
DA:80,10
DA:81,20
DA:82,10
DA:83,10
DA:84,10
DA:85,9
DA:86,9
DA:87,7
DA:88,5
DA:91,5
DA:92,5
DA:93,5
DA:94,5
DA:95,5
DA:96,10
DA:97,5
DA:99,5
DA:100,5
DA:101,5
DA:102,7
DA:103,7
DA:104,6
DA:105,5
DA:110,5
DA:111,5
DA:112,5
DA:113,5
DA:114,5
DA:115,5
DA:116,5
DA:119,25
DA:120,5
DA:121,5
DA:122,5
DA:123,10
DA:124,10
DA:125,5
DA:126,5
DA:127,5
DA:128,5
DA:129,5
DA:132,2
DA:133,2
DA:134,2
DA:136,2
DA:137,2
DA:138,2
DA:139,2
DA:140,2
DA:141,2
DA:142,2
DA:174,2
DA:175,2
DA:176,2
DA:177,2
DA:178,2
DA:179,2
DA:180,2
DA:191,2
DA:192,2
DA:193,2
DA:194,2
DA:195,2
DA:196,2
DA:198,2
DA:200,2
DA:201,6
DA:204,2
DA:206,2
DA:207,6
DA:210,2
DA:212,2
DA:213,6
DA:216,2
DA:218,2
DA:285,16
DA:290,64
DA:293,33
DA:294,1
DA:295,2
DA:297,48
DA:298,48
DA:299,48
DA:303,16
DA:308,16
DA:314,4
DA:318,42
DA:322,15
DA:323,15
DA:324,45
DA:326,15
DA:332,4
DA:333,4
DA:334,12
DA:336,4
DA:341,1
DA:342,1
DA:343,3
DA:350,3
DA:351,3
DA:352,6
DA:356,1
DA:357,1
DA:358,2
DA:369,4
DA:370,8
DA:371,4
DA:373,8
DA:374,4
DA:375,8
DA:376,4
DA:377,4
DA:378,4
DA:379,4
DA:382,8
DA:383,8
DA:384,8
DA:385,8
DA:386,8
DA:387,8
DA:388,8
DA:390,4
DA:391,8
DA:392,8
DA:393,4
DA:400,8
DA:408,3
DA:412,13
DA:413,13
DA:414,13
DA:416,13
DA:417,36
DA:419,12
DA:421,12
DA:422,12
DA:423,14
DA:426,13
DA:427,12
DA:428,12
DA:429,23
DA:432,13
DA:433,5
DA:435,10
DA:437,13
DA:438,2
DA:439,2
DA:441,13
DA:442,6
DA:444,11
DA:447,9
DA:448,3
DA:449,9
DA:453,11
DA:460,5
DA:461,15
DA:462,5
DA:463,10
DA:464,10
DA:467,15
DA:468,10
DA:471,2
DA:472,4
DA:474,4
DA:477,4
DA:478,4
DA:479,8
DA:482,2
DA:483,2
DA:487,3
DA:488,4
DA:491,11
DA:492,11
DA:493,11
DA:494,35
DA:495,2
DA:497,22
DA:499,33
DA:508,35
DA:510,4
DA:513,22
DA:514,22
DA:515,22
DA:517,19
DA:532,4
DA:541,2
DA:544,1
DA:545,1
DA:546,1
DA:547,2
DA:548,3
DA:549,4
DA:553,2
DA:554,2
DA:555,2
DA:556,4
DA:557,4
LF:210
LH:210
end_of_record
SF:C:\www\dart\dart-webrtc\example\ion_style_sfu\lib\src\session_shard.dart
DA:116,23
DA:142,2
DA:143,2
DA:145,6
DA:161,21
DA:171,7
DA:178,7
DA:185,1
DA:189,1
DA:196,7
DA:200,7
DA:208,3
DA:213,3
DA:221,8
DA:225,8
DA:235,14
DA:240,14
DA:248,8
DA:251,8
DA:262,3
DA:268,3
DA:291,22
DA:293,66
DA:297,66
DA:300,4
DA:303,22
DA:304,22
DA:305,22
DA:306,22
DA:308,66
DA:309,44
DA:312,22
DA:313,22
DA:314,44
DA:320,7
DA:322,14
DA:330,2
DA:331,4
DA:336,2
DA:337,4
DA:341,2
DA:348,4
DA:358,3
DA:359,6
DA:363,9
DA:364,9
DA:365,9
DA:375,14
DA:380,28
DA:382,14
DA:388,4
DA:389,8
DA:395,14
DA:396,14
DA:398,38
DA:399,14
DA:404,11
DA:409,22
DA:411,11
DA:418,22
DA:419,22
DA:420,22
DA:422,22
DA:426,44
DA:427,44
DA:428,44
DA:429,50
DA:430,6
DA:431,18
DA:434,44
DA:437,22
DA:438,22
DA:439,22
DA:440,44
DA:442,3
DA:443,9
DA:444,0
DA:445,3
DA:450,21
DA:451,21
DA:452,21
DA:453,21
DA:454,42
DA:456,21
DA:458,12
DA:460,42
DA:464,21
DA:465,21
DA:466,63
DA:470,21
DA:472,21
DA:473,21
DA:474,7
DA:475,7
DA:476,7
DA:477,7
DA:478,7
DA:479,7
DA:481,21
DA:482,3
DA:483,1
DA:484,1
DA:485,1
DA:487,21
DA:488,21
DA:489,7
DA:490,7
DA:493,19
DA:494,9
DA:495,3
DA:496,3
DA:499,19
DA:500,9
DA:501,3
DA:502,3
DA:503,3
DA:504,3
DA:506,19
DA:507,10
DA:508,5
DA:509,5
DA:510,5
DA:511,15
DA:512,5
DA:516,5
DA:517,14
DA:518,42
DA:519,14
DA:520,14
DA:521,28
DA:522,28
DA:524,9
DA:525,24
DA:526,8
DA:527,8
DA:529,3
DA:530,9
DA:531,3
DA:532,3
DA:533,3
DA:534,3
DA:535,3
DA:540,22
DA:541,22
DA:542,44
DA:544,42
DA:545,21
DA:546,42
DA:547,63
DA:548,21
DA:556,22
DA:563,22
DA:570,44
DA:571,22
DA:572,66
DA:573,66
DA:574,22
DA:575,0
DA:577,0
DA:579,0
DA:580,0
DA:581,0
DA:623,22
DA:625,14
DA:626,29
DA:627,1
DA:632,52
DA:635,22
DA:636,66
DA:637,66
DA:638,44
DA:639,44
DA:641,66
DA:642,66
DA:643,66
DA:644,44
DA:646,86
DA:650,44
DA:651,2
DA:652,6
DA:653,4
DA:654,8
DA:655,2
DA:664,21
DA:665,21
DA:666,21
DA:667,21
DA:668,21
DA:675,21
DA:676,14
DA:678,21
DA:679,4
DA:680,21
DA:681,4
DA:683,21
DA:684,4
DA:686,20
DA:687,6
DA:689,18
DA:690,27
DA:691,14
DA:692,14
DA:693,14
DA:694,28
DA:696,14
DA:697,8
DA:699,11
DA:700,22
DA:702,0
DA:704,0
DA:705,0
DA:708,0
DA:711,4
DA:713,63
DA:716,7
DA:717,7
DA:718,14
DA:722,14
DA:723,6
DA:724,6
DA:726,7
DA:727,7
DA:728,14
DA:729,19
DA:730,21
DA:731,9
DA:732,7
DA:733,6
DA:734,7
DA:735,14
DA:738,7
DA:740,14
DA:741,7
DA:742,14
DA:745,7
DA:747,10
DA:748,9
DA:753,2
DA:754,2
DA:755,2
DA:756,4
DA:758,2
DA:760,1
DA:761,1
DA:764,2
DA:765,2
DA:766,2
DA:767,4
DA:769,2
DA:772,2
DA:773,2
DA:774,2
DA:775,2
DA:776,2
DA:777,2
DA:778,2
DA:780,4
DA:782,2
DA:783,2
DA:785,2
DA:789,3
DA:790,3
DA:791,6
DA:793,3
DA:794,3
DA:795,6
DA:797,3
DA:801,7
DA:803,14
DA:806,7
DA:807,7
DA:808,7
DA:812,1
DA:813,2
DA:816,1
DA:818,1
DA:819,3
DA:822,0
DA:823,0
DA:825,1
DA:828,3
DA:829,9
DA:832,20
DA:833,20
DA:834,60
DA:837,5
DA:838,5
DA:839,5
DA:840,5
DA:841,5
DA:842,5
DA:843,5
DA:844,7
DA:845,5
DA:847,15
DA:848,0
DA:850,10
DA:851,15
DA:852,0
DA:854,10
DA:855,10
DA:859,15
DA:861,10
DA:863,10
DA:868,14
DA:869,14
DA:870,28
DA:871,14
DA:872,14
DA:875,14
DA:880,28
DA:881,14
DA:883,14
DA:887,14
DA:892,14
DA:899,28
DA:900,14
DA:901,36
DA:902,17
DA:905,9
DA:906,6
DA:908,6
DA:909,6
DA:910,3
DA:916,9
DA:918,1
DA:919,1
DA:922,22
DA:925,16
DA:926,4
DA:927,8
DA:930,14
DA:932,10
DA:934,10
DA:935,10
DA:938,14
DA:939,14
DA:940,14
DA:943,4
DA:944,4
DA:945,8
DA:947,4
DA:952,8
DA:953,4
DA:956,11
DA:957,11
DA:958,22
DA:959,11
DA:961,11
DA:962,22
DA:964,33
DA:967,11
DA:968,22
DA:969,33
DA:970,2
DA:971,4
DA:972,6
DA:973,0
DA:974,0
DA:975,0
DA:981,11
DA:982,11
DA:984,22
DA:990,11
DA:993,11
DA:997,11
DA:998,22
DA:999,3
DA:1000,3
DA:1001,6
DA:1003,9
DA:1004,3
DA:1005,3
DA:1006,3
DA:1008,15
DA:1011,14
DA:1012,28
DA:1013,14
DA:1014,28
DA:1015,12
DA:1016,12
DA:1017,24
DA:1018,24
DA:1019,24
DA:1020,12
DA:1021,36
DA:1022,24
DA:1023,12
DA:1024,12
DA:1025,24
DA:1028,12
DA:1029,12
DA:1030,24
DA:1033,12
DA:1034,12
DA:1035,12
DA:1036,12
DA:1037,12
DA:1038,12
DA:1039,12
DA:1040,12
DA:1041,12
DA:1042,12
DA:1043,12
DA:1044,12
DA:1049,14
DA:1050,14
DA:1052,28
DA:1055,14
DA:1056,28
DA:1057,42
DA:1058,1
DA:1059,2
DA:1060,3
DA:1061,0
DA:1062,0
DA:1063,0
DA:1066,28
DA:1068,14
DA:1075,20
DA:1076,20
DA:1082,11
DA:1083,22
DA:1084,0
DA:1085,0
DA:1087,0
DA:1094,2
DA:1095,2
DA:1096,2
DA:1098,8
DA:1099,0
DA:1102,4
DA:1103,4
DA:1104,2
DA:1110,14
DA:1111,28
DA:1112,2
DA:1113,2
DA:1115,4
DA:1116,4
DA:1117,2
DA:1118,4
DA:1122,2
DA:1123,6
DA:1124,4
DA:1125,2
DA:1126,6
DA:1127,8
DA:1129,4
DA:1132,2
DA:1137,14
DA:1138,28
DA:1139,3
DA:1140,3
DA:1141,6
DA:1142,3
DA:1143,6
DA:1147,3
DA:1148,9
DA:1149,6
DA:1150,9
DA:1151,6
DA:1152,6
DA:1154,9
DA:1164,6
DA:1165,9
DA:1166,0
DA:1167,0
DA:1172,22
DA:1173,22
DA:1174,44
DA:1176,22
DA:1177,44
DA:1178,22
DA:1179,2
DA:1180,22
DA:1181,2
DA:1182,22
DA:1183,44
DA:1184,1
DA:1185,2
DA:1209,14
DA:1211,14
DA:1212,14
DA:1214,14
DA:1215,14
DA:1217,14
DA:1218,14
DA:1220,14
DA:1222,14
DA:1223,14
DA:1224,42
DA:1227,1
DA:1229,1
DA:1230,3
DA:1233,0
DA:1235,0
DA:1236,0
DA:1239,8
DA:1241,8
DA:1246,11
DA:1247,11
DA:1249,11
DA:1250,11
DA:1253,11
DA:1254,22
DA:1258,2
DA:1259,4
DA:1260,0
DA:1261,0
DA:1314,14
DA:1331,11
DA:1332,11
DA:1333,33
DA:1336,22
DA:1337,22
DA:1338,23
DA:1340,2
DA:1341,2
DA:1342,2
DA:1343,1
DA:1345,2
DA:1346,2
DA:1347,1
DA:1355,22
DA:1356,22
DA:1357,0
DA:1358,0
DA:1362,6
DA:1363,12
DA:1365,0
DA:1368,12
DA:1370,12
DA:1377,14
DA:1378,42
DA:1381,11
DA:1382,22
DA:1385,42
DA:1388,14
DA:1389,28
DA:1390,11
DA:1391,22
LF:542
LH:508
end_of_record
SF:C:\www\dart\dart-webrtc\example\ion_style_sfu\lib\src\sharded_sfu.dart
DA:61,24
DA:83,3
DA:84,1
DA:85,2
DA:116,24
DA:123,3
DA:124,30
DA:127,22
DA:128,22
DA:129,1
DA:131,44
DA:132,6
DA:133,44
DA:136,44
DA:137,12
DA:138,4
DA:139,2
DA:140,2
DA:142,44
DA:143,22
DA:145,44
DA:146,132
DA:147,44
DA:148,44
DA:149,44
DA:150,44
DA:151,44
DA:152,44
DA:153,44
DA:154,44
DA:155,44
DA:157,37
DA:158,63
DA:159,42
DA:160,42
DA:161,42
DA:162,38
DA:163,0
DA:165,35
DA:167,0
DA:168,0
DA:171,42
DA:176,24
DA:190,3
DA:195,6
DA:200,6
DA:201,9
DA:206,5
DA:207,3
DA:213,9
DA:214,18
DA:215,4
DA:217,6
DA:218,30
DA:226,6
DA:227,6
DA:228,12
DA:229,12
DA:230,12
DA:231,12
DA:232,12
DA:233,12
DA:234,12
DA:235,12
DA:236,12
DA:238,6
DA:252,7
DA:253,7
DA:254,7
DA:257,24
DA:258,24
DA:259,24
DA:260,72
DA:261,48
DA:262,86
DA:265,19
DA:266,19
DA:267,12
DA:270,0
DA:273,36
DA:274,19
DA:275,12
DA:276,8
DA:280,8
DA:287,4
DA:288,4
DA:294,7
DA:295,7
DA:296,14
DA:297,0
DA:298,0
DA:299,0
DA:300,0
DA:301,0
DA:302,0
DA:303,0
DA:304,0
DA:305,0
DA:306,0
DA:307,0
DA:308,0
DA:309,0
DA:310,0
DA:311,0
DA:314,7
DA:315,15
DA:316,1
DA:317,2
DA:318,1
DA:319,1
DA:320,1
DA:323,7
DA:324,7
DA:325,7
DA:326,7
DA:327,7
DA:328,7
DA:329,7
DA:337,2
DA:341,2
LF:120
LH:101
end_of_record
SF:C:\www\dart\dart-webrtc\example\ion_style_sfu\lib\src\logging.dart
DA:43,20
DA:49,1
DA:50,1
DA:55,19
DA:56,57
DA:58,1
DA:59,1
DA:60,2
DA:61,2
DA:62,1
DA:63,1
DA:64,1
DA:65,1
DA:67,2
DA:68,8
DA:69,9
DA:70,6
DA:71,4
DA:72,1
DA:73,1
DA:74,2
DA:75,1
DA:76,1
DA:77,1
DA:79,2
DA:81,2
DA:82,2
DA:83,2
DA:84,8
DA:85,2
DA:86,2
DA:87,5
DA:88,2
DA:90,2
DA:91,1
DA:93,2
DA:94,2
DA:95,2
DA:99,4
DA:100,2
DA:101,2
DA:103,4
DA:114,0
DA:116,0
DA:118,0
DA:120,0
DA:122,0
DA:124,0
DA:126,0
DA:128,0
DA:130,0
DA:132,1
LF:52
LH:43
end_of_record
SF:C:\www\dart\dart-webrtc\example\ion_style_sfu\lib\src\stats\stats.dart
DA:60,2
DA:84,2
DA:85,1
DA:86,1
DA:87,1
DA:88,1
DA:89,1
DA:90,1
DA:91,1
DA:92,1
DA:93,1
DA:94,1
DA:95,1
DA:96,1
DA:97,1
DA:98,1
DA:99,1
DA:100,1
DA:101,1
DA:102,1
DA:103,1
DA:104,1
DA:105,1
DA:115,5
DA:121,8
DA:122,4
DA:123,4
DA:124,4
DA:138,13
DA:149,20
DA:150,10
DA:151,10
DA:152,10
DA:153,10
DA:154,10
DA:155,10
DA:156,21
DA:157,24
DA:161,10
DA:167,10
DA:168,10
DA:169,19
DA:170,18
DA:171,13
DA:172,4
DA:174,8
DA:175,4
DA:176,4
DA:177,8
DA:181,11
DA:182,2
DA:183,4
DA:184,3
DA:185,1
DA:186,2
DA:187,2
DA:188,2
DA:189,1
DA:190,1
DA:191,1
DA:192,2
DA:193,2
DA:194,1
DA:195,1
DA:196,1
DA:197,1
DA:198,1
DA:199,1
DA:200,2
DA:201,2
DA:202,1
DA:203,1
DA:204,1
DA:205,1
DA:206,1
DA:207,1
DA:208,1
DA:209,1
DA:215,10
DA:216,20
DA:233,9
DA:234,9
DA:236,9
DA:237,18
DA:238,18
DA:239,18
DA:242,9
DA:243,18
DA:244,18
DA:245,18
DA:249,18
DA:250,18
DA:251,18
DA:252,9
DA:253,9
DA:256,9
DA:259,9
DA:260,9
DA:263,9
DA:266,2
DA:268,4
DA:269,4
DA:270,4
DA:271,8
DA:275,18
DA:276,2
DA:280,4
DA:281,2
DA:282,4
DA:283,2
DA:287,4
DA:288,2
DA:292,4
DA:293,2
DA:297,4
DA:298,2
DA:302,4
DA:303,2
DA:307,4
DA:308,2
DA:312,4
DA:313,2
DA:317,4
DA:318,2
DA:322,4
DA:323,2
DA:327,4
DA:328,2
DA:332,4
DA:333,2
DA:337,4
DA:338,2
DA:342,4
DA:345,2
DA:347,2
DA:348,4
DA:349,2
DA:350,6
DA:355,18
DA:356,3
DA:358,3
DA:359,6
DA:360,9
DA:361,6
DA:362,9
DA:366,9
DA:369,8
DA:370,4
DA:371,4
DA:372,4
DA:382,6
DA:394,6
DA:396,6
DA:397,12
DA:398,12
DA:399,12
DA:402,6
DA:403,12
DA:404,12
DA:405,12
DA:409,5
DA:410,5
DA:411,15
DA:414,6
DA:417,12
DA:419,6
DA:420,6
DA:421,6
DA:424,6
DA:425,6
DA:428,6
DA:429,6
DA:432,6
DA:434,6
DA:435,6
DA:438,6
DA:442,6
DA:446,6
DA:452,6
DA:458,1
DA:462,1
DA:466,6
DA:467,4
DA:470,4
DA:471,8
DA:472,4
DA:473,8
DA:474,8
DA:476,4
DA:478,4
DA:480,8
DA:481,4
DA:482,4
DA:483,8
DA:485,4
DA:487,4
DA:488,8
DA:489,4
DA:490,12
DA:492,4
DA:494,4
DA:495,8
DA:496,4
DA:497,4
DA:498,8
DA:502,16
DA:503,4
DA:504,2
DA:507,2
DA:508,4
DA:509,2
DA:510,6
DA:512,2
DA:514,2
DA:515,4
DA:516,2
DA:517,6
DA:521,4
DA:522,8
DA:523,8
DA:524,8
DA:525,16
DA:529,4
DA:533,4
DA:537,4
DA:539,4
DA:541,4
DA:543,4
DA:545,4
DA:549,4
DA:553,4
DA:555,4
DA:557,4
DA:561,4
DA:565,6
DA:568,4
DA:569,4
DA:570,4
DA:571,4
DA:572,4
DA:573,8
DA:574,4
DA:575,4
DA:576,4
DA:581,8
DA:582,8
DA:583,24
DA:584,8
DA:585,8
DA:586,1
DA:587,8
DA:588,1
DA:589,8
DA:590,1
DA:592,8
DA:595,8
LF:256
LH:256
end_of_record
SF:C:\www\dart\dart-webrtc\example\ion_style_sfu\lib\src\sfu_server.dart
DA:57,4
DA:58,12
DA:59,12
DA:60,4
DA:61,8
DA:62,8
DA:63,8
DA:64,2
DA:65,2
DA:66,2
DA:67,2
DA:76,2
DA:77,2
DA:78,2
DA:81,8
DA:82,6
DA:83,4
DA:84,6
DA:85,6
DA:86,4
DA:88,2
DA:96,18
DA:98,15
DA:109,2
DA:110,2
DA:113,18
DA:114,36
DA:115,36
DA:116,31
DA:120,18
DA:179,18
DA:180,18
DA:182,10
DA:183,1
DA:186,36
DA:196,18
DA:207,18
DA:208,14
DA:209,1
DA:214,1
DA:218,14
DA:219,56
DA:220,1
DA:221,1
DA:224,13
DA:225,13
DA:234,18
DA:236,3
DA:237,9
DA:240,33
DA:241,30
DA:242,2
DA:244,22
DA:245,4
DA:246,2
DA:252,13
DA:256,4
DA:260,0
DA:262,0
DA:263,0
DA:269,18
DA:270,18
DA:272,0
DA:273,0
DA:279,35
DA:280,51
DA:281,51
DA:282,51
DA:283,34
DA:284,2
DA:285,2
DA:288,51
DA:289,6
DA:290,2
DA:291,6
DA:292,4
DA:293,4
DA:297,51
DA:298,18
DA:299,12
DA:302,5
DA:303,10
DA:304,5
DA:307,5
DA:308,5
DA:309,5
DA:310,5
DA:318,6
DA:319,12
DA:320,12
DA:323,12
DA:324,12
DA:328,48
DA:331,8
DA:332,8
DA:333,8
DA:334,24
DA:335,24
DA:336,8
DA:337,16
DA:338,8
DA:339,5
DA:341,5
DA:343,25
DA:346,16
DA:349,45
DA:353,6
DA:354,6
DA:355,1
DA:356,4
DA:357,4
DA:361,2
DA:362,2
DA:363,2
DA:364,6
DA:365,6
DA:366,4
DA:369,39
DA:371,2
DA:372,4
DA:373,4
DA:374,2
DA:378,21
DA:379,7
DA:380,7
DA:381,21
DA:382,21
DA:384,7
DA:385,7
DA:386,7
DA:387,7
DA:388,7
DA:389,7
DA:390,7
DA:391,14
DA:394,7
DA:396,7
DA:397,7
DA:398,7
DA:400,7
DA:404,14
DA:405,7
DA:406,0
DA:407,0
DA:408,0
DA:412,18
DA:413,6
DA:414,1
DA:415,2
DA:416,2
DA:417,6
DA:418,6
DA:421,6
DA:422,1
DA:424,1
DA:425,1
DA:426,1
DA:427,1
DA:430,4
DA:433,15
DA:435,5
DA:436,2
DA:437,4
DA:438,4
DA:439,2
DA:442,16
DA:443,12
DA:444,2
DA:445,4
DA:446,4
DA:447,2
DA:451,3
DA:452,3
DA:453,1
DA:454,2
DA:455,2
DA:459,3
DA:460,1
DA:461,2
DA:462,2
DA:463,4
DA:464,4
DA:468,2
DA:471,6
DA:472,3
DA:476,3
DA:477,3
DA:480,3
DA:484,3
DA:486,0
DA:487,0
DA:492,2
DA:493,2
DA:500,0
DA:502,0
DA:505,0
DA:507,0
DA:508,0
DA:512,0
DA:513,0
DA:515,0
DA:523,0
DA:524,0
DA:530,2
DA:532,4
DA:533,4
DA:542,3
DA:544,2
DA:545,4
DA:548,2
DA:549,4
DA:552,2
DA:554,2
DA:555,2
DA:556,2
DA:557,2
DA:558,2
DA:559,2
DA:561,4
DA:568,2
DA:569,0
DA:570,6
DA:573,6
DA:574,4
DA:575,3
DA:576,4
DA:579,2
DA:582,2
DA:586,2
DA:589,2
DA:592,2
DA:593,2
DA:597,2
DA:598,4
DA:599,4
DA:600,4
DA:603,2
DA:604,4
DA:605,0
DA:606,0
DA:609,4
DA:631,3
DA:640,3
DA:641,6
DA:642,3
DA:643,3
DA:644,0
DA:645,0
DA:651,2
DA:652,6
DA:653,6
DA:657,2
DA:660,2
DA:661,1
DA:664,1
DA:672,4
DA:673,1
DA:680,2
DA:681,2
DA:682,8
DA:683,6
DA:684,1
DA:688,4
DA:692,2
DA:693,2
DA:698,2
DA:701,2
DA:702,2
DA:703,2
DA:704,2
DA:705,2
DA:706,2
DA:707,2
DA:708,2
DA:709,2
DA:710,2
DA:713,1
DA:717,1
DA:718,3
DA:720,4
DA:723,2
DA:728,2
DA:729,2
DA:730,2
DA:731,3
DA:732,2
DA:733,2
DA:734,2
DA:737,2
DA:739,4
DA:740,3
DA:741,2
DA:742,2
DA:745,1
DA:747,2
DA:754,6
DA:755,1
DA:757,1
DA:758,2
DA:759,2
DA:762,2
DA:767,6
DA:768,2
DA:769,2
DA:772,6
DA:774,2
DA:777,1
DA:778,2
DA:779,2
DA:782,1
DA:784,2
DA:785,2
DA:790,6
DA:803,2
DA:804,2
DA:805,2
DA:807,2
DA:808,2
DA:809,4
DA:810,1
DA:811,1
DA:812,2
DA:815,2
DA:816,2
DA:817,2
DA:819,2
DA:820,2
DA:821,4
DA:822,1
DA:823,1
DA:826,2
DA:827,2
DA:828,2
DA:830,2
DA:831,4
DA:832,2
DA:833,4
DA:837,4
DA:840,1
DA:844,2
DA:845,2
DA:849,2
DA:850,2
DA:851,2
DA:853,4
DA:855,2
DA:860,4
DA:863,3
DA:864,5
DA:865,3
DA:866,3
DA:867,4
DA:870,2
DA:876,1
DA:877,1
DA:881,2
DA:882,2
DA:883,2
LF:358
LH:333
end_of_record
SF:C:\www\dart\dart-webrtc\example\ion_style_sfu\lib\src\byte_pool.dart
DA:37,42
DA:52,16
DA:53,16
DA:54,32
DA:55,32
DA:66,10
DA:67,10
DA:68,10
DA:69,10
DA:70,2
DA:71,1
DA:73,20
DA:74,10
DA:75,20
DA:76,30
DA:77,10
DA:78,10
DA:80,8
DA:81,4
DA:82,4
DA:87,10
DA:88,20
DA:89,20
DA:95,4
DA:96,8
DA:97,4
DA:98,4
DA:99,2
DA:102,8
DA:103,12
DA:104,2
DA:107,8
DA:108,8
DA:112,1
DA:113,2
DA:114,1
DA:120,3
DA:122,6
DA:123,6
DA:130,10
DA:131,20
DA:134,3
DA:135,4
DA:137,3
DA:138,3
DA:139,3
DA:140,3
DA:142,3
DA:147,4
DA:148,8
DA:149,9
DA:152,12
DA:154,4
DA:155,4
DA:156,1
DA:157,1
DA:159,4
LF:57
LH:57
end_of_record
SF:C:\www\dart\dart-webrtc\example\ion_style_sfu\lib\src\cluster\locator.dart
DA:33,17
DA:42,15
DA:43,15
DA:44,60
DA:45,2
DA:48,15
DA:49,30
DA:50,61
DA:51,15
DA:52,15
DA:59,2
DA:60,1
DA:61,1
DA:62,1
DA:63,1
DA:66,1
DA:67,3
DA:90,16
DA:94,64
DA:95,16
DA:96,16
DA:97,16
DA:98,48
DA:99,48
DA:100,96
DA:103,80
DA:104,32
DA:105,48
DA:106,48
DA:111,3
DA:115,15
DA:116,30
DA:117,15
DA:118,30
DA:119,45
DA:120,60
DA:124,1
DA:125,1
DA:127,1
DA:128,2
DA:136,16
DA:137,48
DA:138,176
DA:142,15
DA:144,15
DA:145,15
DA:146,30
DA:147,30
DA:148,15
DA:160,16
LF:50
LH:50
end_of_record
SF:C:\www\dart\dart-webrtc\example\ion_style_sfu\lib\src\cluster\udp_relay_transport.dart
DA:67,18
DA:68,9
DA:69,9
DA:70,18
DA:71,9
DA:72,9
DA:73,9
DA:78,16
DA:79,48
DA:80,0
DA:87,16
DA:93,16
DA:94,16
DA:96,3
DA:102,33
DA:105,16
DA:106,32
DA:107,32
DA:109,32
DA:114,8
DA:115,16
DA:116,16
DA:117,8
DA:121,3
DA:123,16
DA:124,16
DA:125,16
DA:126,48
DA:127,32
DA:128,29
DA:129,13
DA:131,32
DA:136,16
DA:137,16
DA:138,28
DA:140,28
DA:142,52
DA:143,26
DA:145,12
DA:148,26
DA:149,13
DA:151,39
DA:157,14
DA:158,28
DA:159,2
DA:162,140
DA:163,14
DA:164,2
DA:167,28
DA:168,2
DA:171,14
DA:172,20
DA:173,2
DA:177,140
DA:178,14
DA:179,18
DA:180,14
DA:181,0
DA:184,14
DA:185,14
DA:186,2
DA:190,3
DA:191,6
DA:192,3
DA:193,3
DA:194,6
DA:195,3
DA:196,6
DA:200,13
DA:201,13
DA:204,15
DA:205,15
DA:206,15
DA:208,45
DA:209,15
DA:210,45
DA:211,45
DA:212,45
DA:213,30
DA:214,15
DA:215,15
DA:216,15
DA:217,45
DA:218,45
DA:219,45
DA:220,30
DA:221,30
DA:223,6
DA:224,9
DA:225,9
DA:227,30
DA:230,3
DA:231,9
DA:233,9
DA:234,12
DA:236,3
DA:250,16
DA:252,15
DA:253,15
DA:254,15
DA:255,15
DA:256,15
DA:257,15
DA:259,15
DA:261,15
DA:262,30
DA:263,75
DA:266,3
DA:268,3
DA:269,12
DA:272,1
DA:274,1
DA:275,4
DA:278,5
DA:280,5
DA:281,5
DA:282,20
DA:283,15
DA:286,16
DA:287,16
DA:290,12
DA:291,12
DA:293,12
DA:295,24
DA:296,24
DA:301,3
DA:302,6
DA:304,1
DA:305,2
LF:129
LH:127
end_of_record
SF:C:\www\dart\dart-webrtc\example\ion_style_sfu\lib\src\cluster\cluster_coordinator.dart
DA:32,6
DA:40,10
DA:41,5
DA:42,5
DA:43,10
DA:44,15
DA:53,14
DA:104,14
DA:110,0
DA:112,42
DA:113,42
DA:114,56
DA:115,5
DA:116,5
DA:117,5
DA:118,5
DA:119,5
DA:120,5
DA:121,5
DA:122,5
DA:123,10
DA:124,5
DA:125,5
DA:126,5
DA:127,5
DA:128,5
DA:129,5
DA:130,5
DA:134,42
DA:135,42
DA:136,56
DA:137,10
DA:144,10
DA:149,42
DA:151,28
DA:152,42
DA:153,13
DA:154,14
DA:155,14
DA:156,9
DA:157,24
DA:158,6
DA:159,6
DA:165,6
DA:166,6
DA:167,18
DA:168,12
DA:169,12
DA:170,6
DA:171,12
DA:174,12
DA:175,6
DA:185,8
DA:186,16
DA:187,7
DA:188,7
DA:190,21
DA:191,7
DA:192,35
DA:193,14
DA:196,7
DA:197,28
DA:198,21
DA:199,0
DA:200,0
DA:203,7
DA:204,14
DA:205,14
DA:206,7
DA:208,21
DA:211,7
DA:212,14
DA:213,28
DA:214,7
DA:215,14
DA:216,21
DA:217,14
DA:218,21
DA:221,7
DA:222,35
DA:223,7
DA:224,7
DA:225,7
DA:226,7
DA:227,7
DA:228,7
DA:229,7
DA:230,7
DA:231,7
DA:233,7
DA:234,7
DA:235,7
DA:237,7
DA:238,7
DA:239,7
DA:240,7
DA:241,7
DA:242,7
DA:243,7
DA:244,7
DA:245,7
DA:246,7
DA:247,7
DA:248,7
DA:255,14
DA:256,14
DA:257,14
DA:259,28
DA:260,0
DA:262,28
DA:263,28
DA:264,28
DA:265,28
DA:270,5
DA:276,10
DA:277,15
DA:278,20
DA:279,5
DA:282,14
DA:288,28
DA:290,25
DA:292,22
DA:293,11
DA:296,11
DA:300,16
DA:301,2
DA:303,14
DA:304,0
DA:308,14
DA:309,70
DA:311,28
DA:313,56
DA:314,28
DA:315,0
DA:316,28
DA:317,14
DA:318,14
DA:320,28
DA:321,28
DA:323,1
DA:324,1
DA:325,0
DA:326,0
DA:330,8
DA:331,24
DA:333,16
DA:338,32
DA:344,8
DA:345,8
DA:346,4
DA:347,4
DA:348,4
DA:349,4
DA:357,4
DA:363,4
DA:366,12
DA:368,16
DA:369,12
DA:370,8
DA:378,4
DA:379,2
DA:380,4
DA:381,6
DA:388,6
DA:389,2
DA:390,4
DA:392,2
DA:393,0
DA:394,0
DA:398,4
DA:399,8
DA:400,8
DA:401,12
DA:402,8
DA:403,4
DA:405,12
DA:408,4
DA:409,4
DA:410,8
DA:414,5
DA:421,5
DA:423,15
DA:425,20
DA:426,15
DA:427,10
DA:430,8
DA:431,5
DA:438,5
DA:441,20
DA:443,10
DA:448,5
DA:452,5
DA:454,2
DA:455,6
DA:456,4
DA:457,4
DA:463,12
DA:464,6
DA:465,6
DA:467,3
DA:469,6
DA:470,4
DA:471,4
DA:475,2
DA:476,2
DA:477,4
DA:478,2
DA:479,1
DA:483,1
DA:491,5
DA:495,10
DA:496,15
DA:498,5
DA:499,10
DA:500,20
DA:507,5
DA:512,3
DA:514,3
DA:515,6
DA:517,6
DA:518,3
DA:519,7
DA:520,5
DA:522,4
DA:523,2
DA:525,2
DA:527,4
DA:532,12
DA:538,12
DA:541,12
DA:544,24
DA:545,12
DA:550,24
DA:551,12
DA:552,12
DA:553,12
DA:555,24
DA:556,48
DA:557,3
DA:560,22
DA:561,11
DA:562,11
DA:564,22
DA:567,44
DA:568,11
DA:569,66
DA:570,11
DA:571,11
DA:574,11
DA:577,11
DA:583,0
DA:585,11
DA:593,4
LF:253
LH:242
end_of_record
SF:C:\www\dart\dart-webrtc\example\ion_style_sfu\lib\src\load_test.dart
DA:63,2
DA:76,6
DA:79,1
DA:80,5
DA:83,4
DA:108,2
DA:109,4
DA:110,4
DA:111,6
DA:113,8
DA:114,2
DA:116,6
DA:119,4
DA:120,2
DA:121,6
DA:125,1
DA:126,2
DA:127,3
DA:129,3
DA:130,3
DA:131,2
DA:133,1
DA:136,2
DA:137,1
DA:138,2
DA:139,1
DA:140,1
DA:141,1
DA:142,1
DA:144,2
DA:162,2
DA:180,1
DA:181,3
DA:182,6
DA:184,2
DA:185,18
DA:187,2
DA:188,10
DA:190,4
DA:191,8
DA:193,2
DA:194,1
DA:195,2
DA:196,2
DA:197,2
DA:198,2
DA:199,2
DA:200,3
DA:201,2
DA:202,2
DA:203,2
DA:204,2
DA:206,2
DA:207,1
DA:208,1
DA:209,1
DA:210,1
DA:211,1
DA:212,1
DA:213,1
DA:214,1
DA:215,1
DA:216,1
DA:217,1
DA:218,1
DA:219,1
DA:221,2
DA:224,1
DA:225,3
DA:227,6
DA:228,3
DA:230,7
DA:231,1
DA:232,4
DA:236,1
DA:237,1
DA:238,4
DA:239,2
DA:240,3
DA:241,2
DA:242,2
DA:243,2
DA:244,3
DA:245,1
DA:246,1
DA:247,2
DA:248,3
DA:250,2
DA:251,3
DA:252,3
DA:253,2
DA:254,2
DA:255,2
DA:256,2
DA:257,2
DA:258,3
DA:260,1
DA:282,2
DA:284,5
DA:285,4
DA:288,2
DA:289,2
DA:291,8
DA:292,8
DA:293,2
DA:294,2
DA:295,8
DA:296,2
DA:297,2
DA:301,2
DA:303,2
DA:304,4
DA:305,0
DA:307,4
DA:310,2
DA:311,2
DA:314,4
DA:316,4
DA:317,4
DA:319,2
DA:326,6
DA:327,0
DA:329,2
DA:330,4
DA:331,6
DA:332,4
DA:337,2
DA:338,2
DA:339,2
DA:340,4
DA:341,4
DA:346,6
DA:347,2
DA:348,6
DA:349,4
DA:350,2
DA:352,2
DA:356,2
DA:357,2
DA:358,2
DA:359,2
DA:360,2
DA:361,2
DA:362,6
DA:363,4
DA:364,2
DA:366,4
DA:368,2
DA:369,2
DA:371,2
DA:372,2
DA:373,2
DA:374,2
DA:375,4
DA:376,4
DA:377,4
DA:378,4
DA:379,4
DA:380,2
DA:399,2
DA:406,8
DA:408,4
DA:410,4
DA:411,10
DA:412,10
DA:413,10
DA:414,8
DA:418,8
DA:419,8
DA:423,2
DA:424,2
DA:425,6
DA:426,2
DA:427,2
DA:428,4
DA:432,2
DA:433,8
DA:434,12
DA:435,10
DA:436,8
DA:437,10
DA:438,10
DA:439,10
DA:440,8
DA:441,4
DA:442,6
DA:443,4
DA:444,6
DA:455,2
DA:462,2
DA:463,4
DA:464,2
DA:465,0
DA:468,2
DA:469,2
DA:470,6
DA:473,4
DA:474,6
LF:198
LH:195
end_of_record
SF:C:\www\dart\dart-webrtc\example\ion_style_sfu\lib\src\pacer\leaky_bucket.dart
DA:49,4
DA:66,4
DA:70,2
DA:109,14
DA:116,28
DA:117,28
DA:118,28
DA:121,14
DA:125,6
DA:128,4
DA:130,4
DA:134,2
DA:138,14
DA:139,14
DA:140,15
DA:141,46
DA:146,1
DA:147,1
DA:148,1
DA:152,4
DA:153,8
DA:154,4
DA:158,1
DA:159,2
DA:160,1
DA:161,2
DA:169,4
DA:170,4
DA:171,16
DA:172,2
DA:173,2
DA:175,12
DA:176,8
DA:184,6
DA:186,5
DA:187,5
DA:188,15
DA:189,20
DA:190,15
DA:192,10
DA:193,5
DA:196,2
DA:199,5
DA:204,10
DA:206,10
DA:207,10
DA:210,6
DA:212,12
DA:218,6
DA:219,12
DA:220,9
DA:221,3
DA:223,2
DA:224,2
DA:231,13
DA:232,13
DA:233,13
DA:234,26
DA:235,13
DA:236,26
LF:60
LH:60
end_of_record
